<?xml version="1.0" encoding="UTF-8"?>
<testng-results skipped="0" failed="0" ignored="0" total="1" passed="1">
  <reporter-output>
  </reporter-output>
  <suite name="Default suite" duration-ms="5887" started-at="2018-06-11T19:25:15Z" finished-at="2018-06-11T19:25:21Z">
    <groups>
    </groups>
    <test name="Default test" duration-ms="5887" started-at="2018-06-11T19:25:15Z" finished-at="2018-06-11T19:25:21Z">
      <class name="test.GetStateDetailsAPITest">
        <test-method status="PASS" signature="dataSetUp()[pri:0, instance:test.GetStateDetailsAPITest@32d992b2]" name="dataSetUp" is-config="true" duration-ms="20" started-at="2018-06-12T00:55:15Z" finished-at="2018-06-12T00:55:15Z">
          <reporter-output>
          </reporter-output>
        </test-method> <!-- dataSetUp -->
        <test-method status="PASS" signature="getstatedetailsAPITest()[pri:0, instance:test.GetStateDetailsAPITest@32d992b2]" name="getstatedetailsAPITest" duration-ms="5843" started-at="2018-06-12T00:55:15Z" finished-at="2018-06-12T00:55:21Z">
          <reporter-output>
          </reporter-output>
        </test-method> <!-- getstatedetailsAPITest -->
      </class> <!-- test.GetStateDetailsAPITest -->
    </test> <!-- Default test -->
  </suite> <!-- Default suite -->
</testng-results>
